<?xml version="1.0" encoding="UTF-8"?>
<!-- Generated by org.testng.reporters.JUnitReportReporter -->
<testsuite skipped="0" hostname="hp" name="testCases.TC_Upload_Download_Func_Test" tests="1" failures="0" timestamp="2024-10-17T21:47:20 IST" time="8.993" errors="0">
  <testcase name="testDownloadAndUploadFunctionality" time="8.993" classname="testCases.TC_Upload_Download_Func_Test"/>
  <system-out/>
</testsuite> <!-- testCases.TC_Upload_Download_Func_Test -->
