<?xml version="1.0" encoding="UTF-8"?>
<!-- Generated by org.testng.reporters.JUnitReportReporter -->
<testsuite skipped="0" hostname="hp" name="testCases.TC_AccountRegistrationTest" tests="1" failures="0" timestamp="2024-09-01T22:30:58 IST" time="4.392" errors="0">
  <testcase name="verify_Account_Registration" time="4.392" classname="testCases.TC_AccountRegistrationTest"/>
  <system-out/>
</testsuite> <!-- testCases.TC_AccountRegistrationTest -->
