<?xml version="1.0" encoding="UTF-8"?>
<!-- Generated by org.testng.reporters.JUnitReportReporter -->
<testsuite skipped="0" hostname="hp" name="testCases.TC_LoginTest" tests="2" failures="0" timestamp="2024-09-29T21:01:08 IST" time="14.160" errors="0">
  <testcase name="verify_Login_Functionality" time="6.153" classname="testCases.TC_LoginTest"/>
  <system-out/>
  <testcase name="verify_Login_Functionality" time="8.007" classname="testCases.TC_LoginTest"/>
  <system-out/>
</testsuite> <!-- testCases.TC_LoginTest -->
